<?xml version="1.0" encoding="UTF-8"?>
<testsuite name="ComputerRepairRequestTest" tests="2" skipped="0" failures="0" errors="0" timestamp="2025-03-04T08:48:51" hostname="DESKTOP-FJJPTCG" time="0.036">
  <properties/>
  <testcase name="First Test" classname="ComputerRepairRequestTest" time="0.032"/>
  <testcase name="Test exemplu" classname="ComputerRepairRequestTest" time="0.002"/>
  <system-out><![CDATA[]]></system-out>
  <system-err><![CDATA[]]></system-err>
</testsuite>
